<?xml version="1.0" encoding="UTF-8"?>
<!-- Generated by org.testng.reporters.JUnitReportReporter -->
<testsuite skipped="0" hostname="Ankush" name="Priyankaacademy.SeleniumFrameworkDesign.SubmitOrderTest" tests="2" failures="0" timestamp="26 Mar 2024 15:49:28 GMT" time="94.503" errors="0">
  <testcase name="submitOrder" time="19.179" classname="Priyankaacademy.SeleniumFrameworkDesign.SubmitOrderTest"/>
  <testcase name="submitOrder" time="75.324" classname="Priyankaacademy.SeleniumFrameworkDesign.SubmitOrderTest"/>
</testsuite> <!-- Priyankaacademy.SeleniumFrameworkDesign.SubmitOrderTest -->
