<?xml version="1.0" encoding="UTF-8"?>
<!-- Generated by org.testng.reporters.JUnitReportReporter -->
<testsuite skipped="0" hostname="Ankush" name="Priyankaacademy.SeleniumFrameworkDesign.Question" tests="3" failures="0" timestamp="26 Mar 2024 16:26:56 GMT" time="0.117" errors="0">
  <testcase name="Interviews" time="0.006" classname="Priyankaacademy.SeleniumFrameworkDesign.Question"/>
  <testcase name="Interview" time="0.088" classname="Priyankaacademy.SeleniumFrameworkDesign.Question"/>
  <testcase name="Job" time="0.023" classname="Priyankaacademy.SeleniumFrameworkDesign.Question"/>
</testsuite> <!-- Priyankaacademy.SeleniumFrameworkDesign.Question -->
