<?xml version="1.0" encoding="UTF-8"?>
<!-- Generated by org.testng.reporters.JUnitReportReporter -->
<testsuite hostname="Ankush" failures="0" tests="1" name="Priyankaacademy.SeleniumFrameworkDesign.ErrorValidations" time="18.549" errors="0" timestamp="27 Mar. 2024 09:22:41 GMT" skipped="0">
  <testcase classname="Priyankaacademy.SeleniumFrameworkDesign.ErrorValidations" name="ErrorCode" time="18.549"/>
</testsuite> <!-- Priyankaacademy.SeleniumFrameworkDesign.ErrorValidations -->
